[01m[K/home/bilac/ros2_ws/src/image_view/ImageView.cpp:[m[K In member function â€˜[01m[Kvoid ImageView::update(const QString&)[m[Kâ€™:
[01m[K/home/bilac/ros2_ws/src/image_view/ImageView.cpp:35:16:[m[K [01;31m[Kerror: [m[Kcannot bind rvalue reference of type â€˜[01m[Kconst QImage&&[m[Kâ€™ to lvalue of type â€˜[01m[KQImage[m[Kâ€™
   35 |         update([01;31m[Kimage[m[K);
      |                [01;31m[K^~~~~[m[K
In file included from [01m[K/home/bilac/ros2_ws/src/image_view/ImageView.cpp:1[m[K:
[01m[K/home/bilac/ros2_ws/src/image_view/ImageView.h:13:32:[m[K [01;36m[Knote: [m[K  initializing argument 1 of â€˜[01m[Kvoid ImageView::update(const QImage&&)[m[Kâ€™
   13 |     void update([01;36m[Kconst QImage &&image[m[K);
      |                 [01;36m[K~~~~~~~~~~~~~~~^~~~~[m[K
gmake[2]: *** [CMakeFiles/image_view.dir/build.make:118: CMakeFiles/image_view.dir/ImageView.cpp.o] Error 1
gmake[2]: *** Waiting for unfinished jobs....
[01m[K/home/bilac/ros2_ws/src/image_view/Node.cpp:[m[K In member function â€˜[01m[Kvoid Node::imageCallback(sensor_msgs::msg::Image_<std::allocator<void> >::SharedPtr) const[m[Kâ€™:
[01m[K/home/bilac/ros2_ws/src/image_view/Node.cpp:18:30:[m[K [01;31m[Kerror: [m[Kcannot bind rvalue reference of type â€˜[01m[Kconst QImage&&[m[Kâ€™ to lvalue of type â€˜[01m[KQImage[m[Kâ€™
   18 |     m_window->view()->update([01;31m[Kimage[m[K);
      |                              [01;31m[K^~~~~[m[K
In file included from [01m[K/home/bilac/ros2_ws/src/image_view/MainWindow.h:5[m[K,
                 from [01m[K/home/bilac/ros2_ws/src/image_view/Node.h:10[m[K,
                 from [01m[K/home/bilac/ros2_ws/src/image_view/Node.cpp:1[m[K:
[01m[K/home/bilac/ros2_ws/src/image_view/ImageView.h:13:32:[m[K [01;36m[Knote: [m[K  initializing argument 1 of â€˜[01m[Kvoid ImageView::update(const QImage&&)[m[Kâ€™
   13 |     void update([01;36m[Kconst QImage &&image[m[K);
      |                 [01;36m[K~~~~~~~~~~~~~~~^~~~~[m[K
gmake[2]: *** [CMakeFiles/image_view.dir/build.make:104: CMakeFiles/image_view.dir/Node.cpp.o] Error 1
gmake[1]: *** [CMakeFiles/Makefile2:138: CMakeFiles/image_view.dir/all] Error 2
gmake: *** [Makefile:146: all] Error 2
