-- The C compiler identification is GNU 11.3.0
-- The CXX compiler identification is GNU 11.3.0
-- Detecting C compiler ABI info
-- Detecting C compiler ABI info - done
-- Check for working C compiler: /usr/bin/cc - skipped
-- Detecting C compile features
-- Detecting C compile features - done
-- Detecting CXX compiler ABI info
-- Detecting CXX compiler ABI info - done
-- Check for working CXX compiler: /usr/bin/c++ - skipped
-- Detecting CXX compile features
-- Detecting CXX compile features - done
-- Found ament_cmake: 1.3.3 (/opt/ros/humble/share/ament_cmake/cmake)
-- Found Python3: /usr/bin/python3.10 (found version "3.10.6") found components: Interpreter 
-- Found rclcpp: 16.0.3 (/opt/ros/humble/share/rclcpp/cmake)
-- Found rosidl_generator_c: 3.1.4 (/opt/ros/humble/share/rosidl_generator_c/cmake)
-- Found rosidl_adapter: 3.1.4 (/opt/ros/humble/share/rosidl_adapter/cmake)
-- Found rosidl_generator_cpp: 3.1.4 (/opt/ros/humble/share/rosidl_generator_cpp/cmake)
-- Using all available rosidl_typesupport_c: rosidl_typesupport_fastrtps_c;rosidl_typesupport_introspection_c
-- Using all available rosidl_typesupport_cpp: rosidl_typesupport_fastrtps_cpp;rosidl_typesupport_introspection_cpp
-- Found rmw_implementation_cmake: 6.1.1 (/opt/ros/humble/share/rmw_implementation_cmake/cmake)
-- Found rmw_fastrtps_cpp: 6.2.2 (/opt/ros/humble/share/rmw_fastrtps_cpp/cmake)
-- Found OpenSSL: /usr/lib/x86_64-linux-gnu/libcrypto.so (found version "3.0.2")  
-- Found FastRTPS: /opt/ros/humble/include  
-- Using RMW implementation 'rmw_fastrtps_cpp' as default
-- Looking for pthread.h
-- Looking for pthread.h - found
-- Performing Test CMAKE_HAVE_LIBC_PTHREAD
-- Performing Test CMAKE_HAVE_LIBC_PTHREAD - Success
-- Found Threads: TRUE  
-- Found sensor_msgs: 4.2.3 (/opt/ros/humble/share/sensor_msgs/cmake)
-- Performing Test HAVE_STDATOMIC
-- Performing Test HAVE_STDATOMIC - Success
-- Found WrapAtomic: TRUE  
-- Found OpenGL: /usr/lib/x86_64-linux-gnu/libOpenGL.so   
-- Found WrapOpenGL: TRUE  
-- Found XKB: /usr/lib/x86_64-linux-gnu/libxkbcommon.so (found suitable version "1.4.0", minimum required is "0.5.0") 
-- Found WrapVulkanHeaders: /usr/include  
-- Configuring done
-- Generating done
-- Build files have been written to: /home/bilac/ros2_ws/src/image_view/build/image_view
[ 14%] [34m[1mAutomatic MOC and UIC for target image_view[0m
[ 14%] Built target image_view_autogen
[ 28%] [32mBuilding CXX object CMakeFiles/image_view.dir/image_view_autogen/mocs_compilation.cpp.o[0m
[ 42%] [32mBuilding CXX object CMakeFiles/image_view.dir/main.cpp.o[0m
[ 57%] [32mBuilding CXX object CMakeFiles/image_view.dir/MainWindow.cpp.o[0m
[ 71%] [32mBuilding CXX object CMakeFiles/image_view.dir/ImageView.cpp.o[0m
[ 85%] [32mBuilding CXX object CMakeFiles/image_view.dir/Node.cpp.o[0m
[01m[K/home/bilac/ros2_ws/src/image_view/ImageView.cpp:[m[K In member function â€˜[01m[Kvoid ImageView::update(const QString&)[m[Kâ€™:
[01m[K/home/bilac/ros2_ws/src/image_view/ImageView.cpp:35:16:[m[K [01;31m[Kerror: [m[Kcannot bind rvalue reference of type â€˜[01m[Kconst QImage&&[m[Kâ€™ to lvalue of type â€˜[01m[KQImage[m[Kâ€™
   35 |         update([01;31m[Kimage[m[K);
      |                [01;31m[K^~~~~[m[K
In file included from [01m[K/home/bilac/ros2_ws/src/image_view/ImageView.cpp:1[m[K:
[01m[K/home/bilac/ros2_ws/src/image_view/ImageView.h:13:32:[m[K [01;36m[Knote: [m[K  initializing argument 1 of â€˜[01m[Kvoid ImageView::update(const QImage&&)[m[Kâ€™
   13 |     void update([01;36m[Kconst QImage &&image[m[K);
      |                 [01;36m[K~~~~~~~~~~~~~~~^~~~~[m[K
gmake[2]: *** [CMakeFiles/image_view.dir/build.make:118: CMakeFiles/image_view.dir/ImageView.cpp.o] Error 1
gmake[2]: *** Waiting for unfinished jobs....
[01m[K/home/bilac/ros2_ws/src/image_view/Node.cpp:[m[K In member function â€˜[01m[Kvoid Node::imageCallback(sensor_msgs::msg::Image_<std::allocator<void> >::SharedPtr) const[m[Kâ€™:
[01m[K/home/bilac/ros2_ws/src/image_view/Node.cpp:18:30:[m[K [01;31m[Kerror: [m[Kcannot bind rvalue reference of type â€˜[01m[Kconst QImage&&[m[Kâ€™ to lvalue of type â€˜[01m[KQImage[m[Kâ€™
   18 |     m_window->view()->update([01;31m[Kimage[m[K);
      |                              [01;31m[K^~~~~[m[K
In file included from [01m[K/home/bilac/ros2_ws/src/image_view/MainWindow.h:5[m[K,
                 from [01m[K/home/bilac/ros2_ws/src/image_view/Node.h:10[m[K,
                 from [01m[K/home/bilac/ros2_ws/src/image_view/Node.cpp:1[m[K:
[01m[K/home/bilac/ros2_ws/src/image_view/ImageView.h:13:32:[m[K [01;36m[Knote: [m[K  initializing argument 1 of â€˜[01m[Kvoid ImageView::update(const QImage&&)[m[Kâ€™
   13 |     void update([01;36m[Kconst QImage &&image[m[K);
      |                 [01;36m[K~~~~~~~~~~~~~~~^~~~~[m[K
gmake[2]: *** [CMakeFiles/image_view.dir/build.make:104: CMakeFiles/image_view.dir/Node.cpp.o] Error 1
gmake[1]: *** [CMakeFiles/Makefile2:138: CMakeFiles/image_view.dir/all] Error 2
gmake: *** [Makefile:146: all] Error 2
