[0.014s] Invoking command in '/home/bilac/ros2_ws/src/image_view/build/image_view': CMAKE_PREFIX_PATH=${CMAKE_PREFIX_PATH}:/opt/ros/humble /usr/bin/cmake /home/bilac/ros2_ws/src/image_view -DCMAKE_INSTALL_PREFIX=/home/bilac/ros2_ws/src/image_view/install/image_view
[0.075s] -- The C compiler identification is GNU 11.3.0
[0.154s] -- The CXX compiler identification is GNU 11.3.0
[0.169s] -- Detecting C compiler ABI info
[0.249s] -- Detecting C compiler ABI info - done
[0.269s] -- Check for working C compiler: /usr/bin/cc - skipped
[0.269s] -- Detecting C compile features
[0.270s] -- Detecting C compile features - done
[0.277s] -- Detecting CXX compiler ABI info
[0.376s] -- Detecting CXX compiler ABI info - done
[0.399s] -- Check for working CXX compiler: /usr/bin/c++ - skipped
[0.400s] -- Detecting CXX compile features
[0.401s] -- Detecting CXX compile features - done
[0.407s] -- Found ament_cmake: 1.3.3 (/opt/ros/humble/share/ament_cmake/cmake)
[0.656s] -- Found Python3: /usr/bin/python3.10 (found version "3.10.6") found components: Interpreter 
[0.753s] -- Found rclcpp: 16.0.3 (/opt/ros/humble/share/rclcpp/cmake)
[0.799s] -- Found rosidl_generator_c: 3.1.4 (/opt/ros/humble/share/rosidl_generator_c/cmake)
[0.804s] -- Found rosidl_adapter: 3.1.4 (/opt/ros/humble/share/rosidl_adapter/cmake)
[0.812s] -- Found rosidl_generator_cpp: 3.1.4 (/opt/ros/humble/share/rosidl_generator_cpp/cmake)
[0.825s] -- Using all available rosidl_typesupport_c: rosidl_typesupport_fastrtps_c;rosidl_typesupport_introspection_c
[0.845s] -- Using all available rosidl_typesupport_cpp: rosidl_typesupport_fastrtps_cpp;rosidl_typesupport_introspection_cpp
[0.914s] -- Found rmw_implementation_cmake: 6.1.1 (/opt/ros/humble/share/rmw_implementation_cmake/cmake)
[0.916s] -- Found rmw_fastrtps_cpp: 6.2.2 (/opt/ros/humble/share/rmw_fastrtps_cpp/cmake)
[1.027s] -- Found OpenSSL: /usr/lib/x86_64-linux-gnu/libcrypto.so (found version "3.0.2")  
[1.070s] -- Found FastRTPS: /opt/ros/humble/include  
[1.123s] -- Using RMW implementation 'rmw_fastrtps_cpp' as default
[1.131s] -- Looking for pthread.h
[1.209s] -- Looking for pthread.h - found
[1.209s] -- Performing Test CMAKE_HAVE_LIBC_PTHREAD
[1.290s] -- Performing Test CMAKE_HAVE_LIBC_PTHREAD - Success
[1.293s] -- Found Threads: TRUE  
[1.504s] -- Found sensor_msgs: 4.2.3 (/opt/ros/humble/share/sensor_msgs/cmake)
[1.666s] -- Performing Test HAVE_STDATOMIC
[1.784s] -- Performing Test HAVE_STDATOMIC - Success
[1.785s] -- Found WrapAtomic: TRUE  
[1.802s] -- Found OpenGL: /usr/lib/x86_64-linux-gnu/libOpenGL.so   
[1.803s] -- Found WrapOpenGL: TRUE  
[1.872s] -- Found XKB: /usr/lib/x86_64-linux-gnu/libxkbcommon.so (found suitable version "1.4.0", minimum required is "0.5.0") 
[1.882s] -- Found WrapVulkanHeaders: /usr/include  
[2.002s] -- Configuring done
[2.042s] -- Generating done
[2.048s] -- Build files have been written to: /home/bilac/ros2_ws/src/image_view/build/image_view
[2.067s] Invoked command in '/home/bilac/ros2_ws/src/image_view/build/image_view' returned '0': CMAKE_PREFIX_PATH=${CMAKE_PREFIX_PATH}:/opt/ros/humble /usr/bin/cmake /home/bilac/ros2_ws/src/image_view -DCMAKE_INSTALL_PREFIX=/home/bilac/ros2_ws/src/image_view/install/image_view
[2.070s] Invoking command in '/home/bilac/ros2_ws/src/image_view/build/image_view': CMAKE_PREFIX_PATH=${CMAKE_PREFIX_PATH}:/opt/ros/humble /usr/bin/cmake --build /home/bilac/ros2_ws/src/image_view/build/image_view -- -j16 -l16
[2.112s] [ 14%] [34m[1mAutomatic MOC and UIC for target image_view[0m
[2.393s] [ 14%] Built target image_view_autogen
[2.412s] [ 28%] [32mBuilding CXX object CMakeFiles/image_view.dir/image_view_autogen/mocs_compilation.cpp.o[0m
[2.412s] [ 42%] [32mBuilding CXX object CMakeFiles/image_view.dir/main.cpp.o[0m
[2.416s] [ 57%] [32mBuilding CXX object CMakeFiles/image_view.dir/MainWindow.cpp.o[0m
[2.419s] [ 71%] [32mBuilding CXX object CMakeFiles/image_view.dir/ImageView.cpp.o[0m
[2.420s] [ 85%] [32mBuilding CXX object CMakeFiles/image_view.dir/Node.cpp.o[0m
[3.671s] [01m[K/home/bilac/ros2_ws/src/image_view/ImageView.cpp:[m[K In member function â€˜[01m[Kvoid ImageView::update(const QString&)[m[Kâ€™:
[3.671s] [01m[K/home/bilac/ros2_ws/src/image_view/ImageView.cpp:35:16:[m[K [01;31m[Kerror: [m[Kcannot bind rvalue reference of type â€˜[01m[Kconst QImage&&[m[Kâ€™ to lvalue of type â€˜[01m[KQImage[m[Kâ€™
[3.671s]    35 |         update([01;31m[Kimage[m[K);
[3.671s]       |                [01;31m[K^~~~~[m[K
[3.671s] In file included from [01m[K/home/bilac/ros2_ws/src/image_view/ImageView.cpp:1[m[K:
[3.671s] [01m[K/home/bilac/ros2_ws/src/image_view/ImageView.h:13:32:[m[K [01;36m[Knote: [m[K  initializing argument 1 of â€˜[01m[Kvoid ImageView::update(const QImage&&)[m[Kâ€™
[3.671s]    13 |     void update([01;36m[Kconst QImage &&image[m[K);
[3.672s]       |                 [01;36m[K~~~~~~~~~~~~~~~^~~~~[m[K
[3.831s] gmake[2]: *** [CMakeFiles/image_view.dir/build.make:118: CMakeFiles/image_view.dir/ImageView.cpp.o] Error 1
[3.831s] gmake[2]: *** Waiting for unfinished jobs....
[5.204s] [01m[K/home/bilac/ros2_ws/src/image_view/Node.cpp:[m[K In member function â€˜[01m[Kvoid Node::imageCallback(sensor_msgs::msg::Image_<std::allocator<void> >::SharedPtr) const[m[Kâ€™:
[5.204s] [01m[K/home/bilac/ros2_ws/src/image_view/Node.cpp:18:30:[m[K [01;31m[Kerror: [m[Kcannot bind rvalue reference of type â€˜[01m[Kconst QImage&&[m[Kâ€™ to lvalue of type â€˜[01m[KQImage[m[Kâ€™
[5.205s]    18 |     m_window->view()->update([01;31m[Kimage[m[K);
[5.205s]       |                              [01;31m[K^~~~~[m[K
[5.205s] In file included from [01m[K/home/bilac/ros2_ws/src/image_view/MainWindow.h:5[m[K,
[5.205s]                  from [01m[K/home/bilac/ros2_ws/src/image_view/Node.h:10[m[K,
[5.205s]                  from [01m[K/home/bilac/ros2_ws/src/image_view/Node.cpp:1[m[K:
[5.205s] [01m[K/home/bilac/ros2_ws/src/image_view/ImageView.h:13:32:[m[K [01;36m[Knote: [m[K  initializing argument 1 of â€˜[01m[Kvoid ImageView::update(const QImage&&)[m[Kâ€™
[5.205s]    13 |     void update([01;36m[Kconst QImage &&image[m[K);
[5.205s]       |                 [01;36m[K~~~~~~~~~~~~~~~^~~~~[m[K
[7.455s] gmake[2]: *** [CMakeFiles/image_view.dir/build.make:104: CMakeFiles/image_view.dir/Node.cpp.o] Error 1
[7.455s] gmake[1]: *** [CMakeFiles/Makefile2:138: CMakeFiles/image_view.dir/all] Error 2
[7.456s] gmake: *** [Makefile:146: all] Error 2
[7.459s] Invoked command in '/home/bilac/ros2_ws/src/image_view/build/image_view' returned '2': CMAKE_PREFIX_PATH=${CMAKE_PREFIX_PATH}:/opt/ros/humble /usr/bin/cmake --build /home/bilac/ros2_ws/src/image_view/build/image_view -- -j16 -l16
